ProjectApp/ProjectApp/build/outputs/logs/manifest-merger-debug-report.txt
-- Merging decision tree log ---
manifest
ADDED from ProjectApp\ProjectApp\AndroidManifest.xml:3:1-48:12
	package
		ADDED from ProjectApp\ProjectApp\AndroidManifest.xml:4:2-38
	android:versionName
		ADDED from ProjectApp\ProjectApp\AndroidManifest.xml:6:2-27
		INJECTED from ProjectApp\ProjectApp\AndroidManifest.xml
		INJECTED from ProjectApp\ProjectApp\AndroidManifest.xml
	android:versionCode
		ADDED from ProjectApp\ProjectApp\AndroidManifest.xml:5:2-25
		INJECTED from ProjectApp\ProjectApp\AndroidManifest.xml
		INJECTED from ProjectApp\ProjectApp\AndroidManifest.xml
	xmlns:android
		ADDED from ProjectApp\ProjectApp\AndroidManifest.xml:3:11-69
	android:installLocation
		ADDED from ProjectApp\ProjectApp\AndroidManifest.xml:7:2-40
application
ADDED from ProjectApp\ProjectApp\AndroidManifest.xml:9:2-34:16
MERGED from [ProjectApp.forcedroid.libs:SalesforceSDK:unspecified] AndroidManifest.xml:23:5-103:19
	android:label
		ADDED from ProjectApp\ProjectApp\AndroidManifest.xml:10:6-38
	android:manageSpaceActivity
		ADDED from ProjectApp\ProjectApp\AndroidManifest.xml:12:3-81
	android:icon
		ADDED from ProjectApp\ProjectApp\AndroidManifest.xml:9:15-48
	android:name
		ADDED from ProjectApp\ProjectApp\AndroidManifest.xml:11:3-32
activity#com.hitvardhan.project_app.SplashActivity
ADDED from ProjectApp\ProjectApp\AndroidManifest.xml:17:3-24:14
	android:label
		ADDED from ProjectApp\ProjectApp\AndroidManifest.xml:18:4-36
	android:theme
		ADDED from ProjectApp\ProjectApp\AndroidManifest.xml:19:4-62
	android:name
		ADDED from ProjectApp\ProjectApp\AndroidManifest.xml:17:13-43
intent-filter#android.intent.action.MAIN+android.intent.category.LAUNCHER
ADDED from ProjectApp\ProjectApp\AndroidManifest.xml:20:4-23:20
action#android.intent.action.MAIN
ADDED from ProjectApp\ProjectApp\AndroidManifest.xml:21:5-57
	android:name
		ADDED from ProjectApp\ProjectApp\AndroidManifest.xml:21:13-54
category#android.intent.category.LAUNCHER
ADDED from ProjectApp\ProjectApp\AndroidManifest.xml:22:5-65
	android:name
		ADDED from ProjectApp\ProjectApp\AndroidManifest.xml:22:15-62
activity#com.hitvardhan.project_app.MainActivity
ADDED from ProjectApp\ProjectApp\AndroidManifest.xml:27:3-33:14
	android:label
		ADDED from ProjectApp\ProjectApp\AndroidManifest.xml:28:7-39
	android:theme
		ADDED from ProjectApp\ProjectApp\AndroidManifest.xml:29:4-62
	android:name
		ADDED from ProjectApp\ProjectApp\AndroidManifest.xml:27:13-41
intent-filter#android.intent.category.DEFAULT
ADDED from ProjectApp\ProjectApp\AndroidManifest.xml:30:4-32:20
category#android.intent.category.DEFAULT
ADDED from ProjectApp\ProjectApp\AndroidManifest.xml:31:5-64
	android:name
		ADDED from ProjectApp\ProjectApp\AndroidManifest.xml:31:15-61
uses-sdk
ADDED from ProjectApp\ProjectApp\AndroidManifest.xml:36:5-37:41
MERGED from [ProjectApp.forcedroid.libs:SalesforceSDK:unspecified] AndroidManifest.xml:7:5-9:41
	android:targetSdkVersion
		ADDED from ProjectApp\ProjectApp\AndroidManifest.xml:37:9-38
	android:minSdkVersion
		ADDED from ProjectApp\ProjectApp\AndroidManifest.xml:36:15-41
permission#com.hitvardhan.project_app.C2D_MESSAGE
ADDED from ProjectApp\ProjectApp\AndroidManifest.xml:44:5-45:47
	android:protectionLevel
		ADDED from ProjectApp\ProjectApp\AndroidManifest.xml:45:9-44
	android:name
		ADDED from ProjectApp\ProjectApp\AndroidManifest.xml:44:17-70
uses-permission#com.hitvardhan.project_app.C2D_MESSAGE
ADDED from ProjectApp\ProjectApp\AndroidManifest.xml:47:5-78
	android:name
		ADDED from ProjectApp\ProjectApp\AndroidManifest.xml:47:22-75
uses-permission#android.permission.ACCESS_NETWORK_STATE
ADDED from [ProjectApp.forcedroid.libs:SalesforceSDK:unspecified] AndroidManifest.xml:11:5-79
	android:name
		ADDED from [ProjectApp.forcedroid.libs:SalesforceSDK:unspecified] AndroidManifest.xml:11:22-76
uses-permission#android.permission.AUTHENTICATE_ACCOUNTS
ADDED from [ProjectApp.forcedroid.libs:SalesforceSDK:unspecified] AndroidManifest.xml:12:5-80
	android:name
		ADDED from [ProjectApp.forcedroid.libs:SalesforceSDK:unspecified] AndroidManifest.xml:12:22-77
uses-permission#android.permission.GET_ACCOUNTS
ADDED from [ProjectApp.forcedroid.libs:SalesforceSDK:unspecified] AndroidManifest.xml:13:5-71
	android:name
		ADDED from [ProjectApp.forcedroid.libs:SalesforceSDK:unspecified] AndroidManifest.xml:13:22-68
uses-permission#android.permission.INTERNET
ADDED from [ProjectApp.forcedroid.libs:SalesforceSDK:unspecified] AndroidManifest.xml:14:5-67
	android:name
		ADDED from [ProjectApp.forcedroid.libs:SalesforceSDK:unspecified] AndroidManifest.xml:14:22-64
uses-permission#android.permission.MANAGE_ACCOUNTS
ADDED from [ProjectApp.forcedroid.libs:SalesforceSDK:unspecified] AndroidManifest.xml:15:5-74
	android:name
		ADDED from [ProjectApp.forcedroid.libs:SalesforceSDK:unspecified] AndroidManifest.xml:15:22-71
uses-permission#android.permission.USE_CREDENTIALS
ADDED from [ProjectApp.forcedroid.libs:SalesforceSDK:unspecified] AndroidManifest.xml:16:5-74
	android:name
		ADDED from [ProjectApp.forcedroid.libs:SalesforceSDK:unspecified] AndroidManifest.xml:16:22-71
uses-permission#android.permission.WAKE_LOCK
ADDED from [ProjectApp.forcedroid.libs:SalesforceSDK:unspecified] AndroidManifest.xml:17:5-68
	android:name
		ADDED from [ProjectApp.forcedroid.libs:SalesforceSDK:unspecified] AndroidManifest.xml:17:22-65
uses-permission#android.permission.GET_TASKS
ADDED from [ProjectApp.forcedroid.libs:SalesforceSDK:unspecified] AndroidManifest.xml:18:5-68
	android:name
		ADDED from [ProjectApp.forcedroid.libs:SalesforceSDK:unspecified] AndroidManifest.xml:18:22-65
uses-permission#com.google.android.c2dm.permission.RECEIVE
ADDED from [ProjectApp.forcedroid.libs:SalesforceSDK:unspecified] AndroidManifest.xml:19:5-82
	android:name
		ADDED from [ProjectApp.forcedroid.libs:SalesforceSDK:unspecified] AndroidManifest.xml:19:22-79
uses-permission-sdk-23
ADDED from [ProjectApp.forcedroid.libs:SalesforceSDK:unspecified] AndroidManifest.xml:21:5-81
	android:name
		ADDED from [ProjectApp.forcedroid.libs:SalesforceSDK:unspecified] AndroidManifest.xml:21:29-78
meta-data#android.content.APP_RESTRICTIONS
ADDED from [ProjectApp.forcedroid.libs:SalesforceSDK:unspecified] AndroidManifest.xml:26:9-28:56
	android:resource
		ADDED from [ProjectApp.forcedroid.libs:SalesforceSDK:unspecified] AndroidManifest.xml:28:13-53
	android:name
		ADDED from [ProjectApp.forcedroid.libs:SalesforceSDK:unspecified] AndroidManifest.xml:27:13-60
service#com.salesforce.androidsdk.auth.AuthenticatorService
ADDED from [ProjectApp.forcedroid.libs:SalesforceSDK:unspecified] AndroidManifest.xml:31:9-41:19
	android:exported
		ADDED from [ProjectApp.forcedroid.libs:SalesforceSDK:unspecified] AndroidManifest.xml:33:13-36
	android:name
		ADDED from [ProjectApp.forcedroid.libs:SalesforceSDK:unspecified] AndroidManifest.xml:32:13-79
intent-filter#android.accounts.AccountAuthenticator
ADDED from [ProjectApp.forcedroid.libs:SalesforceSDK:unspecified] AndroidManifest.xml:34:13-36:29
action#android.accounts.AccountAuthenticator
ADDED from [ProjectApp.forcedroid.libs:SalesforceSDK:unspecified] AndroidManifest.xml:35:17-80
	android:name
		ADDED from [ProjectApp.forcedroid.libs:SalesforceSDK:unspecified] AndroidManifest.xml:35:25-77
meta-data#android.accounts.AccountAuthenticator
ADDED from [ProjectApp.forcedroid.libs:SalesforceSDK:unspecified] AndroidManifest.xml:38:13-40:57
	android:resource
		ADDED from [ProjectApp.forcedroid.libs:SalesforceSDK:unspecified] AndroidManifest.xml:40:17-54
	android:name
		ADDED from [ProjectApp.forcedroid.libs:SalesforceSDK:unspecified] AndroidManifest.xml:39:17-69
activity#com.salesforce.androidsdk.ui.LoginActivity
ADDED from [ProjectApp.forcedroid.libs:SalesforceSDK:unspecified] AndroidManifest.xml:44:9-46:67
	android:theme
		ADDED from [ProjectApp.forcedroid.libs:SalesforceSDK:unspecified] AndroidManifest.xml:46:13-64
	android:name
		ADDED from [ProjectApp.forcedroid.libs:SalesforceSDK:unspecified] AndroidManifest.xml:45:13-70
activity#com.salesforce.androidsdk.ui.PasscodeActivity
ADDED from [ProjectApp.forcedroid.libs:SalesforceSDK:unspecified] AndroidManifest.xml:49:9-51:67
	android:theme
		ADDED from [ProjectApp.forcedroid.libs:SalesforceSDK:unspecified] AndroidManifest.xml:51:13-64
	android:name
		ADDED from [ProjectApp.forcedroid.libs:SalesforceSDK:unspecified] AndroidManifest.xml:50:13-73
activity#com.salesforce.androidsdk.ui.ManageSpaceActivity
ADDED from [ProjectApp.forcedroid.libs:SalesforceSDK:unspecified] AndroidManifest.xml:54:9-57:67
	android:excludeFromRecents
		ADDED from [ProjectApp.forcedroid.libs:SalesforceSDK:unspecified] AndroidManifest.xml:56:13-46
	android:theme
		ADDED from [ProjectApp.forcedroid.libs:SalesforceSDK:unspecified] AndroidManifest.xml:57:13-64
	android:name
		ADDED from [ProjectApp.forcedroid.libs:SalesforceSDK:unspecified] AndroidManifest.xml:55:13-76
activity#com.salesforce.androidsdk.ui.ServerPickerActivity
ADDED from [ProjectApp.forcedroid.libs:SalesforceSDK:unspecified] AndroidManifest.xml:60:9-63:67
	android:excludeFromRecents
		ADDED from [ProjectApp.forcedroid.libs:SalesforceSDK:unspecified] AndroidManifest.xml:62:13-46
	android:theme
		ADDED from [ProjectApp.forcedroid.libs:SalesforceSDK:unspecified] AndroidManifest.xml:63:13-64
	android:name
		ADDED from [ProjectApp.forcedroid.libs:SalesforceSDK:unspecified] AndroidManifest.xml:61:13-77
activity#com.salesforce.androidsdk.ui.AccountSwitcherActivity
ADDED from [ProjectApp.forcedroid.libs:SalesforceSDK:unspecified] AndroidManifest.xml:66:9-69:67
	android:excludeFromRecents
		ADDED from [ProjectApp.forcedroid.libs:SalesforceSDK:unspecified] AndroidManifest.xml:68:13-46
	android:theme
		ADDED from [ProjectApp.forcedroid.libs:SalesforceSDK:unspecified] AndroidManifest.xml:69:13-64
	android:name
		ADDED from [ProjectApp.forcedroid.libs:SalesforceSDK:unspecified] AndroidManifest.xml:67:13-80
receiver#com.salesforce.androidsdk.push.PushBroadcastReceiver
ADDED from [ProjectApp.forcedroid.libs:SalesforceSDK:unspecified] AndroidManifest.xml:75:9-89:20
	android:exported
		ADDED from [ProjectApp.forcedroid.libs:SalesforceSDK:unspecified] AndroidManifest.xml:77:13-36
	android:permission
		ADDED from [ProjectApp.forcedroid.libs:SalesforceSDK:unspecified] AndroidManifest.xml:78:13-73
	android:name
		ADDED from [ProjectApp.forcedroid.libs:SalesforceSDK:unspecified] AndroidManifest.xml:76:13-80
intent-filter#${applicationId}+com.google.android.c2dm.intent.RECEIVE
ADDED from [ProjectApp.forcedroid.libs:SalesforceSDK:unspecified] AndroidManifest.xml:79:13-83:29
action#com.google.android.c2dm.intent.RECEIVE
ADDED from [ProjectApp.forcedroid.libs:SalesforceSDK:unspecified] AndroidManifest.xml:80:17-81
	android:name
		ADDED from [ProjectApp.forcedroid.libs:SalesforceSDK:unspecified] AndroidManifest.xml:80:25-78
category#${applicationId}
ADDED from [ProjectApp.forcedroid.libs:SalesforceSDK:unspecified] AndroidManifest.xml:82:17-61
	android:name
		ADDED from [ProjectApp.forcedroid.libs:SalesforceSDK:unspecified] AndroidManifest.xml:82:27-58
intent-filter#${applicationId}+com.google.android.c2dm.intent.REGISTRATION
ADDED from [ProjectApp.forcedroid.libs:SalesforceSDK:unspecified] AndroidManifest.xml:84:13-88:29
action#com.google.android.c2dm.intent.REGISTRATION
ADDED from [ProjectApp.forcedroid.libs:SalesforceSDK:unspecified] AndroidManifest.xml:85:17-86
	android:name
		ADDED from [ProjectApp.forcedroid.libs:SalesforceSDK:unspecified] AndroidManifest.xml:85:25-83
receiver#com.salesforce.androidsdk.push.PushService$RetryRegistrationAlarmReceiver
ADDED from [ProjectApp.forcedroid.libs:SalesforceSDK:unspecified] AndroidManifest.xml:90:9-92:40
	android:exported
		ADDED from [ProjectApp.forcedroid.libs:SalesforceSDK:unspecified] AndroidManifest.xml:92:13-37
	android:name
		ADDED from [ProjectApp.forcedroid.libs:SalesforceSDK:unspecified] AndroidManifest.xml:91:13-101
receiver#com.salesforce.androidsdk.push.PushService$SFDCRegistrationRetryAlarmReceiver
ADDED from [ProjectApp.forcedroid.libs:SalesforceSDK:unspecified] AndroidManifest.xml:93:9-95:40
	android:exported
		ADDED from [ProjectApp.forcedroid.libs:SalesforceSDK:unspecified] AndroidManifest.xml:95:13-37
	android:name
		ADDED from [ProjectApp.forcedroid.libs:SalesforceSDK:unspecified] AndroidManifest.xml:94:13-105
receiver#com.salesforce.androidsdk.push.PushService$UnregisterRetryAlarmReceiver
ADDED from [ProjectApp.forcedroid.libs:SalesforceSDK:unspecified] AndroidManifest.xml:96:9-98:40
	android:exported
		ADDED from [ProjectApp.forcedroid.libs:SalesforceSDK:unspecified] AndroidManifest.xml:98:13-37
	android:name
		ADDED from [ProjectApp.forcedroid.libs:SalesforceSDK:unspecified] AndroidManifest.xml:97:13-99
service#com.salesforce.androidsdk.push.PushService
ADDED from [ProjectApp.forcedroid.libs:SalesforceSDK:unspecified] AndroidManifest.xml:100:9-102:40
	android:exported
		ADDED from [ProjectApp.forcedroid.libs:SalesforceSDK:unspecified] AndroidManifest.xml:102:13-37
	android:name
		ADDED from [ProjectApp.forcedroid.libs:SalesforceSDK:unspecified] AndroidManifest.xml:101:13-70